<?xml version="1.0" encoding="UTF-8" ?>
<testsuite errors="0" failures="0" hostname="bb6663.local" name="org.httpmock.HttpResponseTest" tests="2" time="0.03" timestamp="2011-03-07T04:49:09">
  <properties>
[...]
</properties>
  <testcase classname="org.httpmock.HttpResponseTest" name="assertStatusShouldDoNothingIfStatusCodeMatches" time="0.023" />
  <testcase classname="org.httpmock.HttpResponseTest" name="assertStatusShouldThrowIfStatusCodeNotMatch" time="0.0020" />
  <system-out><![CDATA[]]></system-out>
  <system-err><![CDATA[]]></system-err>
</testsuite>
