<?xml version="1.0" encoding="UTF-8" ?>
<testsuites>
  <testsuite errors="0" failures="0" hostname="bb6663.local" id="0" name="ControlServerFunctionalTest" package="org.httpmock" tests="1" time="0.186" timestamp="2011-03-07T04:49:10">
      <properties>
[...]
</properties>

      <testcase classname="org.httpmock.ControlServerFunctionalTest" name="shouldStartAndCloseServer" time="0.173" />

      <system-out><![CDATA[]]></system-out>

      <system-err><![CDATA[]]></system-err>

  </testsuite>
  <testsuite errors="0" failures="0" hostname="bb6663.local" id="1" name="StubServerFunctionalTest" package="org.httpmock" tests="6" time="0.146" timestamp="2011-03-07T04:49:10">
      <properties>
[...]
</properties>

      <testcase classname="org.httpmock.StubServerFunctionalTest" name="shouldReturnAllRequestsToStub" time="0.032" />

      <testcase classname="org.httpmock.StubServerFunctionalTest" name="wasCalledShouldMatchPath" time="0.024" />

      <testcase classname="org.httpmock.StubServerFunctionalTest" name="wasCalledShouldMatchHeader" time="0.016" />

      <testcase classname="org.httpmock.StubServerFunctionalTest" name="wasCalledShouldMatchBodyExactly" time="0.02" />

      <testcase classname="org.httpmock.StubServerFunctionalTest" name="wasCalledShouldMatchBodySubstring" time="0.019" />

      <testcase classname="org.httpmock.StubServerFunctionalTest" name="wasCalledShouldMatchHeadersAndBody" time="0.03" />

      <system-out><![CDATA[]]></system-out>

      <system-err><![CDATA[]]></system-err>

  </testsuite>
  <testsuite errors="0" failures="0" hostname="bb6663.local" id="2" name="ControlServerTest" package="org.httpmock" tests="3" time="0.306" timestamp="2011-03-07T04:49:09">
      <properties>
[...]
</properties>

      <testcase classname="org.httpmock.ControlServerTest" name="setupPortShouldPostPortToServersURL" time="0.258" />

      <testcase classname="org.httpmock.ControlServerTest" name="setupPortShouldConfigureStubServerWithHypermediaLinks" time="0.0040" />

      <testcase classname="org.httpmock.ControlServerTest" name="setupPortShouldAssert201StatusCode" time="0.0030" />

      <system-out><![CDATA[]]></system-out>

      <system-err><![CDATA[]]></system-err>

  </testsuite>
  <testsuite errors="0" failures="0" hostname="bb6663.local" id="3" name="HttpResponseTest" package="org.httpmock" tests="2" time="0.03" timestamp="2011-03-07T04:49:09">
      <properties>
[...]
</properties>

      <testcase classname="org.httpmock.HttpResponseTest" name="assertStatusShouldDoNothingIfStatusCodeMatches" time="0.023" />

      <testcase classname="org.httpmock.HttpResponseTest" name="assertStatusShouldThrowIfStatusCodeNotMatch" time="0.0020" />

      <system-out><![CDATA[]]></system-out>

      <system-err><![CDATA[]]></system-err>

  </testsuite>
  <testsuite errors="0" failures="0" hostname="bb6663.local" id="4" name="HypermediaTest" package="org.httpmock" tests="2" time="0.0060" timestamp="2011-03-07T04:49:10">
      <properties>
[...]
</properties>

      <testcase classname="org.httpmock.HypermediaTest" name="getURLForRelShouldReturnNullIfNoLinks" time="0.0010" />

      <testcase classname="org.httpmock.HypermediaTest" name="getURLForRelShouldReturnCorrectLink" time="0.0010" />

      <system-out><![CDATA[]]></system-out>

      <system-err><![CDATA[]]></system-err>

  </testsuite>
  <testsuite errors="0" failures="0" hostname="bb6663.local" id="5" name="StubRequestTest" package="org.httpmock" tests="4" time="0.0080" timestamp="2011-03-07T04:49:10">
      <properties>
[...]
</properties>

      <testcase classname="org.httpmock.StubRequestTest" name="shouldRetrievePath" time="0.0" />

      <testcase classname="org.httpmock.StubRequestTest" name="shouldRetrieveRequestMethod" time="0.0" />

      <testcase classname="org.httpmock.StubRequestTest" name="shouldRetrieveHeaders" time="0.0010" />

      <testcase classname="org.httpmock.StubRequestTest" name="shouldRetrieveBody" time="0.0" />

      <system-out><![CDATA[]]></system-out>

      <system-err><![CDATA[]]></system-err>

  </testsuite>
  <testsuite errors="0" failures="0" hostname="bb6663.local" id="6" name="StubServerTest" package="org.httpmock" tests="5" time="0.025" timestamp="2011-03-07T04:49:10">
      <properties>
[...]
</properties>

      <testcase classname="org.httpmock.StubServerTest" name="getRequestsShouldGetRequestsURL" time="0.0050" />

      <testcase classname="org.httpmock.StubServerTest" name="getRequestsShouldAssert200StatusCode" time="0.0030" />

      <testcase classname="org.httpmock.StubServerTest" name="getRequestsShouldReturnEachArrayElement" time="0.0030" />

      <testcase classname="org.httpmock.StubServerTest" name="closeShouldDeleteServerURL" time="0.0020" />

      <testcase classname="org.httpmock.StubServerTest" name="closeShouldAssert204" time="0.0020" />

      <system-out><![CDATA[]]></system-out>

      <system-err><![CDATA[]]></system-err>

  </testsuite>
  <testsuite errors="0" failures="0" hostname="bb6663.local" id="7" name="ExpectationTest" package="org.httpmock.matchers" tests="15" time="0.014" timestamp="2011-03-07T04:49:10">
      <properties>
[...]
</properties>

      <testcase classname="org.httpmock.matchers.ExpectationTest" name="shouldMatchWithMatchingRequest" time="0.0020" />

      <testcase classname="org.httpmock.matchers.ExpectationTest" name="shouldNotMatchDifferentPath" time="0.0" />

      <testcase classname="org.httpmock.matchers.ExpectationTest" name="shouldNotMatchIfHeaderKeyMissing" time="0.0010" />

      <testcase classname="org.httpmock.matchers.ExpectationTest" name="shouldNotMatchIfHeaderValueDifferent" time="0.0" />

      <testcase classname="org.httpmock.matchers.ExpectationTest" name="shouldMatchIfHeaderSame" time="0.0" />

      <testcase classname="org.httpmock.matchers.ExpectationTest" name="shouldNotMatchIfOneHeaderDifferent" time="0.0" />

      <testcase classname="org.httpmock.matchers.ExpectationTest" name="shouldMatchMultipleHeaders" time="0.0010" />

      <testcase classname="org.httpmock.matchers.ExpectationTest" name="shouldMatchHeaderKeyCaseInsensitive" time="0.0" />

      <testcase classname="org.httpmock.matchers.ExpectationTest" name="shouldNotMatchHeaderValueCaseInsensitive" time="0.0" />

      <testcase classname="org.httpmock.matchers.ExpectationTest" name="shouldNotMatchBodyIfNoBodyRequested" time="0.0" />

      <testcase classname="org.httpmock.matchers.ExpectationTest" name="shouldMatchBody" time="0.0" />

      <testcase classname="org.httpmock.matchers.ExpectationTest" name="shouldNotMatchIfBodyDifferent" time="0.0" />

      <testcase classname="org.httpmock.matchers.ExpectationTest" name="shouldNotMatchBodySubstringIfNoBodyRequested" time="0.0" />

      <testcase classname="org.httpmock.matchers.ExpectationTest" name="shouldMatchBodySubstring" time="0.0010" />

      <testcase classname="org.httpmock.matchers.ExpectationTest" name="shouldNotMatchBodySubstringIfBodyNotContainText" time="0.0" />

      <system-out><![CDATA[]]></system-out>

      <system-err><![CDATA[]]></system-err>

  </testsuite>
  <testsuite errors="0" failures="0" hostname="bb6663.local" id="8" name="WasCalledTest" package="org.httpmock.matchers" tests="14" time="0.028" timestamp="2011-03-07T04:49:10">
      <properties>
[...]
</properties>

      <testcase classname="org.httpmock.matchers.WasCalledTest" name="shouldMatchWithMatchingRequest" time="0.0060" />

      <testcase classname="org.httpmock.matchers.WasCalledTest" name="shouldNotMatchDifferentPath" time="0.0010" />

      <testcase classname="org.httpmock.matchers.WasCalledTest" name="shouldNotMatchIfHeaderKeyMissing" time="0.0010" />

      <testcase classname="org.httpmock.matchers.WasCalledTest" name="shouldNotMatchIfHeaderValueDifferent" time="0.0" />

      <testcase classname="org.httpmock.matchers.WasCalledTest" name="shouldMatchIfHeaderSame" time="0.0" />

      <testcase classname="org.httpmock.matchers.WasCalledTest" name="shouldNotMatchIfOneHeaderDifferent" time="0.0010" />

      <testcase classname="org.httpmock.matchers.WasCalledTest" name="shouldMatchMultipleHeaders" time="0.0010" />

      <testcase classname="org.httpmock.matchers.WasCalledTest" name="shouldMatchBodySubstring" time="0.0" />

      <testcase classname="org.httpmock.matchers.WasCalledTest" name="shouldNotMatchIfNoRequests" time="0.0" />

      <testcase classname="org.httpmock.matchers.WasCalledTest" name="shouldMatchSecondRequestHeader" time="0.0010" />

      <testcase classname="org.httpmock.matchers.WasCalledTest" name="shouldNotMatchIfExpectingBodyToMatch" time="0.0010" />

      <testcase classname="org.httpmock.matchers.WasCalledTest" name="shouldMatchBodyExactly" time="0.0010" />

      <testcase classname="org.httpmock.matchers.WasCalledTest" name="shouldNotMatchBodySubstring" time="0.0010" />

      <testcase classname="org.httpmock.matchers.WasCalledTest" name="describeToShouldListAllRequestsToStub" time="0.0030" />

      <system-out><![CDATA[]]></system-out>

      <system-err><![CDATA[]]></system-err>

  </testsuite>
</testsuites>
